=========================
Fcitx 5.1.9 -- Get Signal No.: 6
Date: try "date -d @1717244838" if you are using GNU date ***
ProcessID: 2455
fcitx5(+0xf624)[0x5c75c7460624]
/usr/lib/libc.so.6(+0x3cae0)[0x79e9d3a50ae0]
/usr/lib/libc.so.6(+0x94e44)[0x79e9d3aa8e44]
/usr/lib/libc.so.6(gsignal+0x20)[0x79e9d3a50a30]
/usr/lib/libc.so.6(abort+0xdf)[0x79e9d3a384c3]
/usr/lib/libstdc++.so.6(_ZNSt6chrono3_V212system_clock3nowEv+0x0)[0x79e9d3cd2d60]
/usr/lib/fcitx5/libwaylandim.so(+0x28f19)[0x79e9d1e3bf19]
/usr/lib/fcitx5/libwaylandim.so(+0x381c2)[0x79e9d1e4b1c2]
/usr/lib/libffi.so.8(+0x7f5e)[0x79e9d3549f5e]
/usr/lib/libffi.so.8(+0x411f)[0x79e9d354611f]
/usr/lib/libffi.so.8(ffi_call+0x123)[0x79e9d3549383]
/usr/lib/libwayland-client.so.0(+0x7801)[0x79e9d4209801]
/usr/lib/libwayland-client.so.0(+0x817e)[0x79e9d420a17e]
/usr/lib/libwayland-client.so.0(wl_display_dispatch_queue_pending+0x7c)[0x79e9d420a49c]
/usr/lib/fcitx5/libwayland.so(+0x1deea)[0x79e9d3596eea]
/usr/lib/libFcitx5Utils.so.2(+0x3cae8)[0x79e9d407bae8]
/usr/lib/libFcitx5Utils.so.2(+0x332c0)[0x79e9d40722c0]
/usr/lib/libsystemd.so.0(+0xa3aac)[0x79e9d399daac]
/usr/lib/libsystemd.so.0(sd_event_dispatch+0xa9)[0x79e9d399df89]
/usr/lib/libsystemd.so.0(sd_event_run+0x1c9)[0x79e9d399ffc9]
/usr/lib/libsystemd.so.0(sd_event_loop+0xe0)[0x79e9d39a0320]
/usr/lib/libFcitx5Utils.so.2(_ZN5fcitx9EventLoop4execEv+0x16)[0x79e9d406e656]
/usr/lib/libFcitx5Core.so.7(_ZN5fcitx8Instance4execEv+0x5c)[0x79e9d414ce7c]
fcitx5(+0xd8e0)[0x5c75c745e8e0]
/usr/lib/libc.so.6(+0x25c88)[0x79e9d3a39c88]
/usr/lib/libc.so.6(__libc_start_main+0x8c)[0x79e9d3a39d4c]
fcitx5(+0xece5)[0x5c75c745fce5]
